<?xml version="1.0" encoding="UTF-8"?>
<testsuite xmlns:xsi="http://www.w3.org/2001/XMLSchema-instance" xsi:noNamespaceSchemaLocation="https://maven.apache.org/surefire/maven-surefire-plugin/xsd/surefire-test-report.xsd" version="3.0.2" name="org.example.frases.FrasesApplicationTests" time="15.531" tests="1" errors="0" skipped="0" failures="0" flakes="0">
  <properties>
[...]
</properties>
  <testcase name="contextLoads" classname="org.example.frases.FrasesApplicationTests" time="0.936">
    <system-out><![CDATA[13:31:58.411 [main] INFO org.springframework.test.context.support.AnnotationConfigContextLoaderUtils -- Could not detect default configuration classes for test class [org.example.frases.FrasesApplicationTests]: FrasesApplicationTests does not declare any static, non-private, non-final, nested classes annotated with @Configuration.
13:31:58.697 [main] INFO org.springframework.boot.test.context.SpringBootTestContextBootstrapper -- Found @SpringBootConfiguration org.example.frases.FrasesApplication for test class org.example.frases.FrasesApplicationTests
13:31:58.947 [main] INFO org.springframework.test.context.support.AnnotationConfigContextLoaderUtils -- Could not detect default configuration classes for test class [org.example.frases.FrasesApplicationTests]: FrasesApplicationTests does not declare any static, non-private, non-final, nested classes annotated with @Configuration.
13:31:58.953 [main] INFO org.springframework.boot.test.context.SpringBootTestContextBootstrapper -- Found @SpringBootConfiguration org.example.frases.FrasesApplication for test class org.example.frases.FrasesApplicationTests
13:31:59.194 [main] INFO org.springframework.boot.devtools.restart.RestartApplicationListener -- Restart disabled due to context in which it is running

  .   ____          _            __ _ _
 /\\ / ___'_ __ _ _(_)_ __  __ _ \ \ \ \
( ( )\___ | '_ | '_| | '_ \/ _` | \ \ \ \
 \\/  ___)| |_)| | | | | || (_| |  ) ) ) )
  '  |____| .__|_| |_|_| |_\__, | / / / /
 =========|_|==============|___/=/_/_/_/

 :: Spring Boot ::                (v4.0.4)

2026-06-22T13:31:59.810-06:00  INFO 19720 --- [Frases] [           main] o.example.frases.FrasesApplicationTests  : Starting FrasesApplicationTests using Java 25.0.2 with PID 19720 (started by moram in C:\Users\moram\Documents\Octavo\Web Client and backend development\FrasesRender)
2026-06-22T13:31:59.814-06:00  INFO 19720 --- [Frases] [           main] o.example.frases.FrasesApplicationTests  : No active profile set, falling back to 1 default profile: "default"
2026-06-22T13:32:01.397-06:00  INFO 19720 --- [Frases] [           main] .s.d.r.c.RepositoryConfigurationDelegate : Bootstrapping Spring Data JPA repositories in DEFAULT mode.
2026-06-22T13:32:01.543-06:00  INFO 19720 --- [Frases] [           main] .s.d.r.c.RepositoryConfigurationDelegate : Finished Spring Data repository scanning in 123 ms. Found 1 JPA repository interface.
2026-06-22T13:32:02.426-06:00  INFO 19720 --- [Frases] [           main] org.hibernate.orm.jpa                    : HHH008540: Processing PersistenceUnitInfo [name: default]
2026-06-22T13:32:02.627-06:00  INFO 19720 --- [Frases] [           main] org.hibernate.orm.core                   : HHH000001: Hibernate ORM core version 7.2.7.Final
2026-06-22T13:32:04.011-06:00  INFO 19720 --- [Frases] [           main] o.s.o.j.p.SpringPersistenceUnitInfo      : No LoadTimeWeaver setup: ignoring JPA class transformer
2026-06-22T13:32:04.062-06:00  WARN 19720 --- [Frases] [           main] org.hibernate.orm.connections.pooling    : HHH10001002: Using built-in connection pool (not intended for production use)
2026-06-22T13:32:07.229-06:00  WARN 19720 --- [Frases] [           main] org.hibernate.orm.deprecation            : HHH90000025: PostgreSQLDialect does not need to be specified explicitly using 'hibernate.dialect' (remove the property setting and it will be selected by default)
2026-06-22T13:32:07.745-06:00  INFO 19720 --- [Frases] [           main] org.hibernate.orm.connections.pooling    : HHH10001005: Database info:
	Database JDBC URL [jdbc:postgresql://us-east-1.87d0c199-9943-4cec-90fd-7e3812270171.aws.yugabyte.cloud:5433/yugabyte]
	Database driver: PostgreSQL JDBC Driver
	Database dialect: PostgreSQLDialect
	Database version: 15.12
	Default catalog/schema: yugabyte/public
	Autocommit mode: false
	Isolation level: READ_COMMITTED
	JDBC fetch size: none
	Pool: DriverManagerConnectionProvider
	Minimum pool size: 1
	Maximum pool size: 20
2026-06-22T13:32:09.842-06:00  INFO 19720 --- [Frases] [           main] org.hibernate.orm.core                   : HHH000489: No JTA platform available (set 'hibernate.transaction.jta.platform' to enable JTA platform integration)
2026-06-22T13:32:10.314-06:00  INFO 19720 --- [Frases] [           main] j.LocalContainerEntityManagerFactoryBean : Initialized JPA EntityManagerFactory for persistence unit 'default'
2026-06-22T13:32:10.531-06:00  INFO 19720 --- [Frases] [           main] o.s.d.j.r.query.QueryEnhancerFactories   : Hibernate is in classpath; If applicable, HQL parser will be used.
2026-06-22T13:32:11.233-06:00  WARN 19720 --- [Frases] [           main] JpaBaseConfiguration$JpaWebConfiguration : spring.jpa.open-in-view is enabled by default. Therefore, database queries may be performed during view rendering. Explicitly configure spring.jpa.open-in-view to disable this warning
2026-06-22T13:32:12.419-06:00  INFO 19720 --- [Frases] [           main] o.example.frases.FrasesApplicationTests  : Started FrasesApplicationTests in 13.258 seconds (process running for 16.235)
]]></system-out>
    <system-err><![CDATA[Mockito is currently self-attaching to enable the inline-mock-maker. This will no longer work in future releases of the JDK. Please add Mockito as an agent to your build as described in Mockito's documentation: https://javadoc.io/doc/org.mockito/mockito-core/latest/org.mockito/org/mockito/Mockito.html#0.3
WARNING: A Java agent has been loaded dynamically (C:\Users\moram\.m2\repository\net\bytebuddy\byte-buddy-agent\1.17.8\byte-buddy-agent-1.17.8.jar)
WARNING: If a serviceability tool is in use, please run with -XX:+EnableDynamicAgentLoading to hide this warning
WARNING: If a serviceability tool is not in use, please run with -Djdk.instrument.traceUsage for more information
WARNING: Dynamic loading of agents will be disallowed by default in a future release
]]></system-err>
  </testcase>
</testsuite>